<?xml version="1.0" encoding="UTF-8"?>
<!-- Generated by org.testng.reporters.JUnitXMLReporter -->
<testsuite ignored="0" hostname="DESKTOP-SH3BACH" failures="0" tests="4" name="Default test" time="0.365" errors="0" timestamp="2024-07-01T16:51:32 EET">
  <testcase classname="CustomersDbTest" name="addDate" time="0.016"/>
  <testcase classname="CustomersDbTest" name="updateDate" time="0.005"/>
  <testcase classname="CustomersDbTest" name="getDate" time="0.022"/>
  <testcase classname="CustomersDbTest" name="deleteDate" time="0.003"/>
</testsuite> <!-- Default test -->
